Determining if the pthread_create exist failed with the following output:
Change Dir: /home/travis/build/Makerslet/print_ip/CMakeFiles/CMakeTmp

Run Build Command:"/usr/bin/make" "cmTC_c4f23/fast"
/usr/bin/make -f CMakeFiles/cmTC_c4f23.dir/build.make CMakeFiles/cmTC_c4f23.dir/build
make[1]: Entering directory '/home/travis/build/Makerslet/print_ip/CMakeFiles/CMakeTmp'
Building C object CMakeFiles/cmTC_c4f23.dir/CheckSymbolExists.c.o
/usr/bin/gcc    -o CMakeFiles/cmTC_c4f23.dir/CheckSymbolExists.c.o   -c /home/travis/build/Makerslet/print_ip/CMakeFiles/CMakeTmp/CheckSymbolExists.c
Linking C executable cmTC_c4f23
/usr/local/cmake-3.12.4/bin/cmake -E cmake_link_script CMakeFiles/cmTC_c4f23.dir/link.txt --verbose=1
/usr/bin/gcc       -rdynamic CMakeFiles/cmTC_c4f23.dir/CheckSymbolExists.c.o  -o cmTC_c4f23 
CMakeFiles/cmTC_c4f23.dir/CheckSymbolExists.c.o: In function `main':
CheckSymbolExists.c:(.text+0x1b): undefined reference to `pthread_create'
collect2: error: ld returned 1 exit status
CMakeFiles/cmTC_c4f23.dir/build.make:86: recipe for target 'cmTC_c4f23' failed
make[1]: *** [cmTC_c4f23] Error 1
make[1]: Leaving directory '/home/travis/build/Makerslet/print_ip/CMakeFiles/CMakeTmp'
Makefile:121: recipe for target 'cmTC_c4f23/fast' failed
make: *** [cmTC_c4f23/fast] Error 2

File /home/travis/build/Makerslet/print_ip/CMakeFiles/CMakeTmp/CheckSymbolExists.c:
/* */
#include <pthread.h>

int main(int argc, char** argv)
{
  (void)argv;
#ifndef pthread_create
  return ((int*)(&pthread_create))[argc];
#else
  (void)argc;
  return 0;
#endif
}

Determining if the function pthread_create exists in the pthreads failed with the following output:
Change Dir: /home/travis/build/Makerslet/print_ip/CMakeFiles/CMakeTmp

Run Build Command:"/usr/bin/make" "cmTC_d0067/fast"
/usr/bin/make -f CMakeFiles/cmTC_d0067.dir/build.make CMakeFiles/cmTC_d0067.dir/build
make[1]: Entering directory '/home/travis/build/Makerslet/print_ip/CMakeFiles/CMakeTmp'
Building C object CMakeFiles/cmTC_d0067.dir/CheckFunctionExists.c.o
/usr/bin/gcc   -DCHECK_FUNCTION_EXISTS=pthread_create   -o CMakeFiles/cmTC_d0067.dir/CheckFunctionExists.c.o   -c /usr/local/cmake-3.12.4/share/cmake-3.12/Modules/CheckFunctionExists.c
Linking C executable cmTC_d0067
/usr/local/cmake-3.12.4/bin/cmake -E cmake_link_script CMakeFiles/cmTC_d0067.dir/link.txt --verbose=1
/usr/bin/gcc   -DCHECK_FUNCTION_EXISTS=pthread_create    -rdynamic CMakeFiles/cmTC_d0067.dir/CheckFunctionExists.c.o  -o cmTC_d0067 -lpthreads 
/usr/bin/ld: cannot find -lpthreads
collect2: error: ld returned 1 exit status
CMakeFiles/cmTC_d0067.dir/build.make:86: recipe for target 'cmTC_d0067' failed
make[1]: *** [cmTC_d0067] Error 1
make[1]: Leaving directory '/home/travis/build/Makerslet/print_ip/CMakeFiles/CMakeTmp'
Makefile:121: recipe for target 'cmTC_d0067/fast' failed
make: *** [cmTC_d0067/fast] Error 2


